  [1m[35m (4.6ms)[0m  [1m[35mCREATE DATABASE "web_hunt_development" ENCODING = 'unicode'[0m
  ↳ bin/rails:9
  [1m[35m (0.6ms)[0m  [1m[35mCREATE DATABASE "web_hunt_test" ENCODING = 'unicode'[0m
  ↳ bin/rails:9
Started GET "/users" for ::1 at 2020-02-09 16:27:52 -0500
  
ActionController::RoutingError (No route matches [GET] "/users"):
  
actionpack (5.2.4.1) lib/action_dispatch/middleware/debug_exceptions.rb:65:in `call'
web-console (3.7.0) lib/web_console/middleware.rb:135:in `call_app'
web-console (3.7.0) lib/web_console/middleware.rb:30:in `block in call'
web-console (3.7.0) lib/web_console/middleware.rb:20:in `catch'
web-console (3.7.0) lib/web_console/middleware.rb:20:in `call'
actionpack (5.2.4.1) lib/action_dispatch/middleware/show_exceptions.rb:33:in `call'
railties (5.2.4.1) lib/rails/rack/logger.rb:38:in `call_app'
railties (5.2.4.1) lib/rails/rack/logger.rb:26:in `block in call'
activesupport (5.2.4.1) lib/active_support/tagged_logging.rb:71:in `block in tagged'
activesupport (5.2.4.1) lib/active_support/tagged_logging.rb:28:in `tagged'
activesupport (5.2.4.1) lib/active_support/tagged_logging.rb:71:in `tagged'
railties (5.2.4.1) lib/rails/rack/logger.rb:26:in `call'
sprockets-rails (3.2.1) lib/sprockets/rails/quiet_assets.rb:13:in `call'
actionpack (5.2.4.1) lib/action_dispatch/middleware/remote_ip.rb:81:in `call'
actionpack (5.2.4.1) lib/action_dispatch/middleware/request_id.rb:27:in `call'
rack (2.2.1) lib/rack/method_override.rb:24:in `call'
rack (2.2.1) lib/rack/runtime.rb:22:in `call'
activesupport (5.2.4.1) lib/active_support/cache/strategy/local_cache_middleware.rb:29:in `call'
actionpack (5.2.4.1) lib/action_dispatch/middleware/executor.rb:14:in `call'
actionpack (5.2.4.1) lib/action_dispatch/middleware/static.rb:127:in `call'
rack (2.2.1) lib/rack/sendfile.rb:110:in `call'
railties (5.2.4.1) lib/rails/engine.rb:524:in `call'
puma (3.12.2) lib/puma/configuration.rb:227:in `call'
puma (3.12.2) lib/puma/server.rb:674:in `handle_request'
puma (3.12.2) lib/puma/server.rb:476:in `process_client'
puma (3.12.2) lib/puma/server.rb:334:in `block in run'
puma (3.12.2) lib/puma/thread_pool.rb:135:in `block in spawn_thread'
Started GET "/" for ::1 at 2020-02-09 16:27:54 -0500
Processing by Rails::WelcomeController#index as HTML
  Rendering /Users/sharshiel/.rbenv/versions/2.5.1/lib/ruby/gems/2.5.0/gems/railties-5.2.4.1/lib/rails/templates/rails/welcome/index.html.erb
  Rendered /Users/sharshiel/.rbenv/versions/2.5.1/lib/ruby/gems/2.5.0/gems/railties-5.2.4.1/lib/rails/templates/rails/welcome/index.html.erb (3.5ms)
Completed 200 OK in 23ms (Views: 13.9ms | ActiveRecord: 0.0ms)


Started GET "/" for ::1 at 2020-02-09 16:38:03 -0500
Processing by StaticPagesController#root as HTML
  Rendering static_pages/root.html.erb within layouts/application
  Rendered static_pages/root.html.erb within layouts/application (10.3ms)
Completed 200 OK in 2579ms (Views: 2578.8ms | ActiveRecord: 0.0ms)


Started GET "/" for ::1 at 2020-02-09 17:05:43 -0500
Processing by StaticPagesController#root as HTML
  Rendering static_pages/root.html.erb within layouts/application
  Rendered static_pages/root.html.erb within layouts/application (1.1ms)
Completed 200 OK in 1918ms (Views: 1917.3ms | ActiveRecord: 0.0ms)


Started GET "/" for ::1 at 2020-02-09 17:30:27 -0500
Processing by StaticPagesController#root as HTML
  Rendering static_pages/root.html.erb within layouts/application
  Rendered static_pages/root.html.erb within layouts/application (1.2ms)
Completed 200 OK in 1866ms (Views: 1865.3ms | ActiveRecord: 0.0ms)


Started GET "/" for ::1 at 2020-02-09 18:25:05 -0500
Processing by StaticPagesController#root as HTML
  Rendering static_pages/root.html.erb within layouts/application
  Rendered static_pages/root.html.erb within layouts/application (1.3ms)
Completed 200 OK in 1662ms (Views: 1661.9ms | ActiveRecord: 0.0ms)


Started GET "/" for ::1 at 2020-02-09 18:28:27 -0500
Processing by StaticPagesController#root as HTML
  Rendering static_pages/root.html.erb within layouts/application
  Rendered static_pages/root.html.erb within layouts/application (1.4ms)
Completed 200 OK in 1605ms (Views: 1604.2ms | ActiveRecord: 0.0ms)


Started GET "/" for ::1 at 2020-02-09 18:29:08 -0500
Processing by StaticPagesController#root as HTML
  Rendering static_pages/root.html.erb within layouts/application
  Rendered static_pages/root.html.erb within layouts/application (1.3ms)
Completed 200 OK in 1514ms (Views: 1513.3ms | ActiveRecord: 0.0ms)


Started GET "/" for ::1 at 2020-02-09 18:29:12 -0500
Processing by StaticPagesController#root as HTML
  Rendering static_pages/root.html.erb within layouts/application
  Rendered static_pages/root.html.erb within layouts/application (0.5ms)
Completed 200 OK in 30ms (Views: 30.1ms | ActiveRecord: 0.0ms)


Started GET "/" for ::1 at 2020-02-09 18:29:14 -0500
Processing by StaticPagesController#root as HTML
  Rendering static_pages/root.html.erb within layouts/application
  Rendered static_pages/root.html.erb within layouts/application (0.4ms)
Completed 200 OK in 26ms (Views: 26.2ms | ActiveRecord: 0.0ms)


